SF:lib\src\bloc\process_bloc.dart
DA:22,4
DA:27,2
DA:30,4
DA:31,1
DA:34,2
DA:39,0
DA:45,0
DA:51,0
LF:8
LH:5
end_of_record
SF:lib\src\error\error_event.dart
DA:5,2
LF:1
LH:1
end_of_record
SF:lib\src\controller\process_controller.dart
DA:52,3
DA:58,3
DA:61,3
DA:62,9
DA:69,3
DA:75,4
DA:76,1
DA:79,3
DA:80,3
DA:81,3
DA:82,3
DA:84,18
DA:87,6
DA:89,6
DA:94,1
DA:95,1
DA:96,1
DA:99,1
DA:100,1
DA:103,2
DA:107,0
DA:108,0
DA:111,0
DA:112,0
DA:113,0
DA:115,0
DA:117,0
DA:120,2
DA:121,2
DA:123,4
DA:126,2
DA:127,4
DA:129,2
DA:130,2
DA:134,2
DA:135,2
DA:136,4
DA:138,4
DA:141,0
LF:39
LH:31
end_of_record
SF:lib\src\bloc\multi_channel_process_bloc.dart
DA:11,0
DA:12,0
DA:14,0
DA:16,0
DA:17,0
DA:18,0
DA:19,0
DA:22,0
DA:26,0
DA:28,0
LF:10
LH:0
end_of_record
SF:lib\src\bloc\bloc_channel.dart
DA:11,0
DA:13,0
DA:14,0
DA:18,0
DA:19,0
DA:22,0
DA:23,0
DA:26,0
DA:27,0
DA:29,0
DA:30,0
LF:11
LH:0
end_of_record
SF:lib\src\widgets\process_bloc_consumer.dart
DA:34,0
DA:45,0
DA:47,0
DA:60,0
DA:62,0
DA:64,0
DA:65,0
DA:68,0
DA:69,0
DA:73,0
DA:75,0
DA:77,0
DA:78,0
DA:81,0
DA:83,0
DA:84,0
DA:85,0
DA:86,0
DA:87,0
DA:88,0
DA:89,0
LF:21
LH:0
end_of_record
SF:lib\src\widgets\process_bloc_error_listener.dart
DA:15,0
DA:22,0
DA:24,0
DA:30,0
DA:32,0
DA:34,0
DA:35,0
DA:39,0
DA:41,0
DA:43,0
DA:46,0
DA:48,0
LF:12
LH:0
end_of_record
SF:lib\src\widgets\process_bloc_listener.dart
DA:33,0
DA:43,0
DA:44,0
DA:57,0
DA:59,0
DA:61,0
DA:62,0
DA:65,0
DA:66,0
DA:70,0
DA:72,0
DA:74,0
DA:75,0
DA:78,0
DA:80,0
DA:81,0
DA:82,0
DA:83,0
DA:84,0
DA:85,0
LF:20
LH:0
end_of_record
SF:lib\src\route\stateless_bloc_route.dart
DA:11,0
LF:1
LH:0
end_of_record
SF:lib\src\route\stateful_bloc_route.dart
DA:11,0
LF:1
LH:0
end_of_record
SF:lib\src\exceptions\type_io_error.dart
DA:6,1
DA:8,0
DA:10,0
DA:14,0
DA:17,0
LF:5
LH:1
end_of_record
SF:lib\src\chain\process_chain.dart
DA:24,1
DA:36,1
DA:37,1
DA:38,0
DA:41,1
DA:43,1
DA:44,1
DA:47,1
DA:48,3
DA:51,1
DA:52,1
DA:53,1
DA:56,1
DA:57,2
DA:60,1
DA:61,1
DA:64,4
DA:67,1
DA:68,3
DA:70,1
DA:71,2
DA:74,4
DA:75,0
DA:76,0
DA:77,0
DA:83,5
DA:86,1
DA:87,1
DA:88,1
DA:89,0
DA:92,1
DA:93,2
DA:95,2
DA:96,1
DA:100,0
DA:101,0
DA:102,0
DA:105,0
DA:107,0
DA:110,0
DA:113,0
DA:115,0
DA:118,1
DA:119,5
DA:122,1
DA:123,3
DA:126,1
DA:127,1
DA:128,0
DA:132,0
DA:133,0
DA:135,0
DA:139,0
DA:140,0
DA:141,0
DA:142,0
DA:144,0
DA:154,0
DA:155,0
DA:157,0
DA:158,0
DA:160,0
DA:162,0
DA:163,0
DA:164,0
DA:167,0
DA:173,1
DA:174,3
DA:176,1
DA:177,1
DA:179,1
DA:180,2
DA:181,0
DA:182,0
DA:183,0
DA:186,1
LF:76
LH:42
end_of_record
SF:lib\src\helper\input_output_typed.dart
DA:4,1
DA:5,1
DA:9,1
DA:10,1
DA:14,0
DA:17,0
LF:6
LH:4
end_of_record
SF:lib\src\chain\links\breakout_link.dart
DA:7,1
DA:12,1
DA:14,1
DA:15,0
DA:20,2
LF:5
LH:4
end_of_record
SF:lib\src\chain\links\chain_link.dart
DA:14,1
LF:1
LH:1
end_of_record
SF:lib\src\chain\links\decision_link.dart
DA:14,1
DA:23,1
DA:28,2
DA:30,2
DA:32,1
DA:34,5
DA:37,1
DA:38,1
DA:40,1
DA:42,1
DA:43,1
DA:46,1
DA:47,1
DA:48,0
DA:52,1
DA:53,1
DA:54,0
DA:60,0
DA:62,0
DA:64,0
DA:65,0
DA:68,0
DA:71,0
DA:72,0
DA:73,0
DA:78,0
DA:81,0
DA:83,0
DA:85,0
LF:29
LH:15
end_of_record
SF:lib\src\chain\links\process_link.dart
DA:37,1
DA:42,1
DA:47,1
DA:49,2
DA:50,2
DA:53,0
DA:54,0
DA:57,0
DA:58,0
DA:61,0
DA:63,1
DA:64,1
DA:65,4
DA:69,0
DA:72,0
DA:73,0
LF:16
LH:8
end_of_record
SF:lib\src\chain\links\pass_link.dart
DA:7,0
DA:12,0
DA:14,0
DA:15,0
DA:20,0
LF:5
LH:0
end_of_record
SF:lib\src\configuration\navigation_configuration.dart
DA:19,1
DA:27,6
LF:2
LH:2
end_of_record
SF:lib\src\bloc\completable_bloc.dart
DA:16,4
DA:18,2
DA:19,4
DA:22,0
DA:23,0
DA:26,3
DA:30,3
DA:31,3
LF:8
LH:6
end_of_record
SF:lib\src\bloc\middleware_bloc.dart
DA:10,4
DA:12,1
DA:13,1
DA:15,3
DA:16,3
DA:17,1
DA:22,0
DA:23,0
DA:25,1
DA:27,3
DA:29,2
DA:31,4
DA:33,1
DA:35,3
DA:37,2
DA:39,4
LF:16
LH:14
end_of_record
SF:lib\src\bloc\effect_producing_bloc.dart
DA:14,4
DA:15,4
DA:18,4
DA:19,8
DA:21,4
DA:22,4
DA:26,0
DA:28,0
DA:30,0
DA:32,1
DA:33,3
DA:34,1
DA:37,2
DA:40,2
DA:43,4
DA:45,2
LF:16
LH:13
end_of_record
SF:lib\src\bloc\error_producing_bloc.dart
DA:14,4
DA:15,4
DA:18,4
DA:19,8
DA:21,4
DA:22,4
DA:26,1
DA:28,1
DA:30,3
DA:32,2
DA:33,4
DA:34,1
DA:37,4
DA:40,2
DA:43,4
DA:45,2
LF:16
LH:16
end_of_record
SF:lib\src\helper\bloc_dependant.dart
DA:8,3
LF:1
LH:1
end_of_record
SF:lib\src\navigation\navigation_handler.dart
DA:14,4
DA:16,4
DA:17,4
DA:19,8
DA:20,1
DA:21,3
DA:26,4
DA:27,12
DA:31,12
DA:32,2
DA:33,12
DA:37,3
DA:38,9
DA:42,9
DA:43,2
DA:44,9
DA:48,2
DA:49,6
DA:53,6
DA:54,2
DA:55,6
DA:59,2
DA:60,4
LF:23
LH:23
end_of_record
