SF:lib\src\bloc\process_bloc.dart
DA:19,4
DA:24,2
DA:27,4
DA:28,1
DA:31,2
DA:36,0
DA:42,0
DA:48,0
LF:8
LH:5
end_of_record
SF:lib\src\error\error_event.dart
DA:5,2
LF:1
LH:1
end_of_record
SF:lib\src\controller\process_controller.dart
DA:51,3
DA:56,3
DA:59,3
DA:60,9
DA:67,3
DA:73,4
DA:74,1
DA:77,3
DA:78,3
DA:79,3
DA:80,3
DA:82,12
DA:85,12
DA:87,6
DA:89,6
DA:94,1
DA:95,1
DA:96,1
DA:99,1
DA:100,1
DA:103,2
DA:107,0
DA:108,0
DA:112,0
DA:113,0
DA:117,0
DA:118,0
DA:121,0
DA:122,0
DA:123,0
DA:125,0
DA:127,0
DA:130,2
DA:131,2
DA:133,4
DA:136,2
DA:137,4
DA:139,2
DA:140,2
DA:144,2
DA:145,2
DA:146,4
DA:148,4
DA:151,0
LF:44
LH:32
end_of_record
SF:lib\src\bloc\multi_channel_process_bloc.dart
DA:8,0
DA:9,0
DA:10,0
DA:12,0
DA:14,0
DA:15,0
DA:16,0
DA:17,0
DA:20,0
DA:22,0
DA:27,0
DA:29,0
LF:12
LH:0
end_of_record
SF:lib\src\bloc\bloc_channel.dart
DA:9,0
DA:11,0
DA:12,0
DA:16,0
DA:17,0
DA:20,0
DA:21,0
DA:24,0
DA:26,0
DA:29,0
DA:31,0
DA:34,0
DA:35,0
DA:37,0
DA:38,0
LF:15
LH:0
end_of_record
SF:lib\src\widgets\process_bloc_consumer.dart
DA:34,0
DA:45,0
DA:47,0
DA:60,0
DA:62,0
DA:64,0
DA:65,0
DA:68,0
DA:69,0
DA:73,0
DA:75,0
DA:77,0
DA:78,0
DA:81,0
DA:83,0
DA:84,0
DA:85,0
DA:86,0
DA:87,0
DA:88,0
DA:89,0
LF:21
LH:0
end_of_record
SF:lib\src\widgets\process_bloc_error_listener.dart
DA:15,0
DA:22,0
DA:24,0
DA:30,0
DA:32,0
DA:34,0
DA:35,0
DA:39,0
DA:41,0
DA:43,0
DA:46,0
DA:48,0
LF:12
LH:0
end_of_record
SF:lib\src\widgets\process_bloc_listener.dart
DA:33,0
DA:43,0
DA:44,0
DA:57,0
DA:59,0
DA:61,0
DA:62,0
DA:65,0
DA:66,0
DA:70,0
DA:72,0
DA:74,0
DA:75,0
DA:78,0
DA:80,0
DA:81,0
DA:82,0
DA:83,0
DA:84,0
DA:85,0
LF:20
LH:0
end_of_record
SF:lib\src\widgets\process_bloc_busy_listener.dart
DA:12,0
DA:19,0
DA:20,0
DA:26,0
DA:28,0
DA:30,0
DA:31,0
DA:35,0
DA:37,0
DA:39,0
DA:42,0
DA:44,0
LF:12
LH:0
end_of_record
SF:lib\src\widgets\process_bloc_busy_builder.dart
DA:8,0
DA:14,0
DA:15,0
DA:21,0
DA:23,0
DA:24,0
DA:25,0
DA:26,0
DA:30,0
DA:31,0
DA:32,0
LF:11
LH:0
end_of_record
SF:lib\src\route\stateless_bloc_route.dart
DA:11,0
LF:1
LH:0
end_of_record
SF:lib\src\route\stateful_bloc_route.dart
DA:11,0
LF:1
LH:0
end_of_record
SF:lib\src\exceptions\type_io_error.dart
DA:6,1
DA:8,0
DA:10,0
DA:14,0
DA:17,0
LF:5
LH:1
end_of_record
SF:lib\src\chain\process_chain.dart
DA:23,1
DA:33,1
DA:34,1
DA:35,0
DA:38,1
DA:39,1
DA:41,1
DA:42,1
DA:45,1
DA:46,3
DA:49,1
DA:50,1
DA:51,1
DA:54,1
DA:55,2
DA:58,1
DA:59,1
DA:62,4
DA:65,1
DA:66,3
DA:68,1
DA:69,2
DA:72,4
DA:73,0
DA:74,0
DA:75,0
DA:81,5
DA:84,1
DA:85,1
DA:86,1
DA:87,0
DA:90,1
DA:91,2
DA:93,2
DA:94,1
DA:100,0
DA:101,0
DA:103,0
DA:104,0
DA:106,0
DA:107,0
DA:108,0
DA:111,0
DA:112,0
DA:113,0
DA:114,0
DA:118,0
DA:121,0
DA:123,0
DA:124,0
DA:126,0
DA:130,0
DA:131,0
DA:132,0
DA:135,0
DA:137,0
DA:140,0
DA:143,0
DA:145,0
DA:148,1
DA:149,5
DA:152,1
DA:153,3
DA:156,1
DA:157,1
DA:158,0
DA:162,0
DA:163,0
DA:165,0
DA:169,0
DA:170,0
DA:171,0
DA:172,0
DA:174,0
DA:184,0
DA:185,0
DA:187,0
DA:188,0
DA:190,0
DA:192,0
DA:193,0
DA:194,0
DA:197,0
DA:203,1
DA:204,3
DA:206,1
DA:207,1
DA:209,1
DA:210,2
DA:211,0
DA:212,0
DA:213,0
DA:216,1
LF:93
LH:43
end_of_record
SF:lib\src\helper\input_output_typed.dart
DA:4,1
DA:5,1
DA:9,1
DA:10,1
DA:14,0
DA:17,0
LF:6
LH:4
end_of_record
SF:lib\src\chain\links\breakout_link.dart
DA:7,1
DA:12,1
DA:14,1
DA:15,0
DA:20,2
LF:5
LH:4
end_of_record
SF:lib\src\chain\links\chain_link.dart
DA:13,1
LF:1
LH:1
end_of_record
SF:lib\src\chain\links\decision_link.dart
DA:14,1
DA:23,1
DA:28,2
DA:30,2
DA:32,1
DA:34,5
DA:37,1
DA:38,1
DA:40,1
DA:42,1
DA:43,1
DA:46,1
DA:47,1
DA:48,0
DA:52,1
DA:53,1
DA:54,0
DA:60,0
DA:61,0
DA:63,0
DA:64,0
DA:67,0
DA:70,0
DA:71,0
DA:72,0
DA:77,0
DA:80,0
DA:82,0
DA:84,0
LF:29
LH:15
end_of_record
SF:lib\src\chain\links\process_link.dart
DA:37,1
DA:42,1
DA:47,0
DA:49,1
DA:51,2
DA:54,1
DA:55,1
DA:59,0
DA:60,0
DA:63,0
DA:64,0
DA:67,0
DA:69,1
DA:70,1
DA:71,4
DA:75,0
DA:78,0
DA:79,0
LF:18
LH:9
end_of_record
SF:lib\src\chain\links\pass_link.dart
DA:7,0
DA:12,0
DA:14,0
DA:15,0
DA:20,0
LF:5
LH:0
end_of_record
SF:lib\src\configuration\navigation_configuration.dart
DA:19,1
DA:27,6
LF:2
LH:2
end_of_record
SF:lib\src\bloc\busy_setting_bloc.dart
DA:15,4
DA:16,4
DA:19,0
DA:20,0
DA:22,0
DA:23,0
DA:27,0
DA:28,0
DA:30,0
DA:31,0
DA:35,0
DA:37,4
DA:38,8
DA:40,4
DA:41,4
DA:45,0
DA:47,0
DA:49,0
DA:51,0
DA:52,0
DA:54,0
DA:57,2
DA:60,4
DA:62,2
LF:24
LH:9
end_of_record
SF:lib\src\bloc\effect_producing_bloc.dart
DA:14,4
DA:15,4
DA:18,4
DA:19,8
DA:21,4
DA:22,4
DA:26,0
DA:28,0
DA:30,0
DA:32,1
DA:33,3
DA:34,1
DA:37,2
DA:40,2
DA:43,4
DA:45,2
LF:16
LH:13
end_of_record
SF:lib\src\bloc\completable_bloc.dart
DA:14,4
DA:16,2
DA:17,4
DA:20,0
DA:21,0
DA:24,3
DA:28,3
DA:29,3
LF:8
LH:6
end_of_record
SF:lib\src\bloc\middleware_bloc.dart
DA:10,4
DA:12,1
DA:13,1
DA:15,3
DA:16,3
DA:17,1
DA:22,0
DA:23,0
DA:25,1
DA:27,3
DA:29,2
DA:31,4
DA:33,1
DA:35,3
DA:37,2
DA:39,4
LF:16
LH:14
end_of_record
SF:lib\src\bloc\error_producing_bloc.dart
DA:14,4
DA:15,4
DA:18,4
DA:19,8
DA:21,4
DA:22,4
DA:26,1
DA:28,1
DA:30,3
DA:32,2
DA:33,4
DA:34,1
DA:37,4
DA:40,2
DA:43,4
DA:45,2
LF:16
LH:16
end_of_record
SF:lib\src\helper\bloc_dependant.dart
DA:8,3
LF:1
LH:1
end_of_record
SF:lib\src\navigation\navigation_handler.dart
DA:14,4
DA:16,4
DA:17,4
DA:20,4
DA:21,8
DA:22,1
DA:23,3
DA:28,4
DA:29,12
DA:33,14
DA:34,12
DA:38,3
DA:39,9
DA:43,11
DA:44,9
DA:48,2
DA:49,6
DA:53,8
DA:54,6
DA:58,2
DA:59,4
LF:21
LH:21
end_of_record
